2024-06-04T17:34:32.786+09:00  INFO 19904 --- [main] com.security.SecurityApplication         : Starting SecurityApplication using Java 17.0.10 with PID 19904 (C:\Users\freef\Workspace\mel\security\target\classes started by freef in C:\Users\freef\Workspace\mel\security)
2024-06-04T17:34:32.788+09:00  INFO 19904 --- [main] com.security.SecurityApplication         : No active profile set, falling back to 1 default profile: "default"
2024-06-04T17:34:33.213+09:00  INFO 19904 --- [main] .s.d.r.c.RepositoryConfigurationDelegate : Bootstrapping Spring Data JPA repositories in DEFAULT mode.
2024-06-04T17:34:33.256+09:00  INFO 19904 --- [main] .s.d.r.c.RepositoryConfigurationDelegate : Finished Spring Data repository scanning in 35 ms. Found 1 JPA repository interface.
2024-06-04T17:34:33.642+09:00  INFO 19904 --- [main] o.s.b.w.embedded.tomcat.TomcatWebServer  : Tomcat initialized with port 80 (http)
2024-06-04T17:34:33.649+09:00  INFO 19904 --- [main] o.apache.catalina.core.StandardService   : Starting service [Tomcat]
2024-06-04T17:34:33.650+09:00  INFO 19904 --- [main] o.apache.catalina.core.StandardEngine    : Starting Servlet engine: [Apache Tomcat/10.1.24]
2024-06-04T17:34:33.759+09:00  INFO 19904 --- [main] org.apache.jasper.servlet.TldScanner     : At least one JAR was scanned for TLDs yet contained no TLDs. Enable debug logging for this logger for a complete list of JARs that were scanned but no TLDs were found in them. Skipping unneeded JARs during scanning can improve startup time and JSP compilation time.
2024-06-04T17:34:33.762+09:00  INFO 19904 --- [main] o.a.c.c.C.[Tomcat].[localhost].[/]       : Initializing Spring embedded WebApplicationContext
2024-06-04T17:34:33.763+09:00  INFO 19904 --- [main] w.s.c.ServletWebServerApplicationContext : Root WebApplicationContext: initialization completed in 944 ms
2024-06-04T17:34:33.887+09:00  INFO 19904 --- [main] o.hibernate.jpa.internal.util.LogHelper  : HHH000204: Processing PersistenceUnitInfo [name: default]
2024-06-04T17:34:33.941+09:00  INFO 19904 --- [main] org.hibernate.Version                    : HHH000412: Hibernate ORM core version 6.5.2.Final
2024-06-04T17:34:33.973+09:00  INFO 19904 --- [main] o.h.c.internal.RegionFactoryInitiator    : HHH000026: Second-level cache disabled
2024-06-04T17:34:34.229+09:00  INFO 19904 --- [main] o.s.o.j.p.SpringPersistenceUnitInfo      : No LoadTimeWeaver setup: ignoring JPA class transformer
2024-06-04T17:34:34.255+09:00  INFO 19904 --- [main] com.zaxxer.hikari.HikariDataSource       : HikariPool-1 - Starting...
2024-06-04T17:34:34.512+09:00  INFO 19904 --- [main] com.zaxxer.hikari.pool.HikariPool        : HikariPool-1 - Added connection com.mysql.cj.jdbc.ConnectionImpl@49f50c8f
2024-06-04T17:34:34.515+09:00  INFO 19904 --- [main] com.zaxxer.hikari.HikariDataSource       : HikariPool-1 - Start completed.
2024-06-04T17:34:35.227+09:00  INFO 19904 --- [main] o.h.e.t.j.p.i.JtaPlatformInitiator       : HHH000489: No JTA platform available (set 'hibernate.transaction.jta.platform' to enable JTA platform integration)
2024-06-04T17:34:35.339+09:00  INFO 19904 --- [main] j.LocalContainerEntityManagerFactoryBean : Initialized JPA EntityManagerFactory for persistence unit 'default'
2024-06-04T17:34:35.524+09:00  INFO 19904 --- [main] o.s.d.j.r.query.QueryEnhancerFactory     : Hibernate is in classpath; If applicable, HQL parser will be used.
2024-06-04T17:34:35.590+09:00  INFO 19904 --- [main] r$InitializeUserDetailsManagerConfigurer : Global AuthenticationManager configured with UserDetailsService bean with name principalDetailService
2024-06-04T17:34:35.649+09:00  INFO 19904 --- [main] o.s.b.a.w.s.WelcomePageHandlerMapping    : Adding welcome page template: index
2024-06-04T17:34:35.812+09:00  INFO 19904 --- [main] o.s.s.web.DefaultSecurityFilterChain     : Will secure any request with [org.springframework.security.web.session.DisableEncodeUrlFilter@403f6c04, org.springframework.security.web.context.request.async.WebAsyncManagerIntegrationFilter@2693e39c, org.springframework.security.web.context.SecurityContextHolderFilter@376c5950, org.springframework.security.web.header.HeaderWriterFilter@38241615, org.springframework.security.web.authentication.logout.LogoutFilter@1ebcfcf1, org.springframework.security.web.authentication.UsernamePasswordAuthenticationFilter@5b395ee, org.springframework.security.web.session.ConcurrentSessionFilter@57657b96, org.springframework.security.web.savedrequest.RequestCacheAwareFilter@7d2ddbf3, org.springframework.security.web.servletapi.SecurityContextHolderAwareRequestFilter@1b1d1558, org.springframework.security.web.authentication.AnonymousAuthenticationFilter@4bbabec8, org.springframework.security.web.session.SessionManagementFilter@42fc744, org.springframework.security.web.access.ExceptionTranslationFilter@5955568, org.springframework.security.web.access.intercept.FilterSecurityInterceptor@1f41f259]
2024-06-04T17:34:35.908+09:00  WARN 19904 --- [main] o.s.b.a.m.MustacheAutoConfiguration      : Cannot find template location: classpath:/templates/ (please add some templates, check your Mustache configuration, or set spring.mustache.check-template-location=false)
2024-06-04T17:34:36.006+09:00  INFO 19904 --- [main] o.s.b.w.embedded.tomcat.TomcatWebServer  : Tomcat started on port 80 (http) with context path '/'
2024-06-04T17:34:36.011+09:00  INFO 19904 --- [main] com.security.SecurityApplication         : Started SecurityApplication in 3.519 seconds (process running for 3.999)
2024-06-04T17:34:40.987+09:00  INFO 19904 --- [http-nio-80-exec-1] o.a.c.c.C.[Tomcat].[localhost].[/]       : Initializing Spring DispatcherServlet 'dispatcherServlet'
2024-06-04T17:34:40.987+09:00  INFO 19904 --- [http-nio-80-exec-1] o.s.web.servlet.DispatcherServlet        : Initializing Servlet 'dispatcherServlet'
2024-06-04T17:34:40.988+09:00  INFO 19904 --- [http-nio-80-exec-1] o.s.web.servlet.DispatcherServlet        : Completed initialization in 1 ms
2024-06-04T17:49:47.094+09:00  INFO 34524 --- [main] com.security.SecurityApplication         : Starting SecurityApplication using Java 17.0.10 with PID 34524 (C:\Users\freef\Workspace\mel\security\target\classes started by freef in C:\Users\freef\Workspace\mel\security)
2024-06-04T17:49:47.096+09:00  INFO 34524 --- [main] com.security.SecurityApplication         : No active profile set, falling back to 1 default profile: "default"
2024-06-04T17:49:47.675+09:00  INFO 34524 --- [main] .s.d.r.c.RepositoryConfigurationDelegate : Bootstrapping Spring Data JPA repositories in DEFAULT mode.
2024-06-04T17:49:47.724+09:00  INFO 34524 --- [main] .s.d.r.c.RepositoryConfigurationDelegate : Finished Spring Data repository scanning in 41 ms. Found 1 JPA repository interface.
2024-06-04T17:49:48.247+09:00  INFO 34524 --- [main] o.s.b.w.embedded.tomcat.TomcatWebServer  : Tomcat initialized with port 80 (http)
2024-06-04T17:49:48.256+09:00  INFO 34524 --- [main] o.apache.catalina.core.StandardService   : Starting service [Tomcat]
2024-06-04T17:49:48.256+09:00  INFO 34524 --- [main] o.apache.catalina.core.StandardEngine    : Starting Servlet engine: [Apache Tomcat/10.1.24]
2024-06-04T17:49:48.365+09:00  INFO 34524 --- [main] org.apache.jasper.servlet.TldScanner     : At least one JAR was scanned for TLDs yet contained no TLDs. Enable debug logging for this logger for a complete list of JARs that were scanned but no TLDs were found in them. Skipping unneeded JARs during scanning can improve startup time and JSP compilation time.
2024-06-04T17:49:48.368+09:00  INFO 34524 --- [main] o.a.c.c.C.[Tomcat].[localhost].[/]       : Initializing Spring embedded WebApplicationContext
2024-06-04T17:49:48.369+09:00  INFO 34524 --- [main] w.s.c.ServletWebServerApplicationContext : Root WebApplicationContext: initialization completed in 1244 ms
2024-06-04T17:49:48.493+09:00  INFO 34524 --- [main] o.hibernate.jpa.internal.util.LogHelper  : HHH000204: Processing PersistenceUnitInfo [name: default]
2024-06-04T17:49:48.531+09:00  INFO 34524 --- [main] org.hibernate.Version                    : HHH000412: Hibernate ORM core version 6.5.2.Final
2024-06-04T17:49:48.555+09:00  INFO 34524 --- [main] o.h.c.internal.RegionFactoryInitiator    : HHH000026: Second-level cache disabled
2024-06-04T17:49:48.767+09:00  INFO 34524 --- [main] o.s.o.j.p.SpringPersistenceUnitInfo      : No LoadTimeWeaver setup: ignoring JPA class transformer
2024-06-04T17:49:48.788+09:00  INFO 34524 --- [main] com.zaxxer.hikari.HikariDataSource       : HikariPool-1 - Starting...
2024-06-04T17:49:49.098+09:00  INFO 34524 --- [main] com.zaxxer.hikari.pool.HikariPool        : HikariPool-1 - Added connection com.mysql.cj.jdbc.ConnectionImpl@2ac9e53c
2024-06-04T17:49:49.101+09:00  INFO 34524 --- [main] com.zaxxer.hikari.HikariDataSource       : HikariPool-1 - Start completed.
2024-06-04T17:49:49.903+09:00  INFO 34524 --- [main] o.h.e.t.j.p.i.JtaPlatformInitiator       : HHH000489: No JTA platform available (set 'hibernate.transaction.jta.platform' to enable JTA platform integration)
2024-06-04T17:49:49.957+09:00  INFO 34524 --- [main] j.LocalContainerEntityManagerFactoryBean : Initialized JPA EntityManagerFactory for persistence unit 'default'
2024-06-04T17:49:50.137+09:00  INFO 34524 --- [main] o.s.d.j.r.query.QueryEnhancerFactory     : Hibernate is in classpath; If applicable, HQL parser will be used.
2024-06-04T17:49:50.203+09:00  INFO 34524 --- [main] r$InitializeUserDetailsManagerConfigurer : Global AuthenticationManager configured with UserDetailsService bean with name principalDetailService
2024-06-04T17:49:50.258+09:00  INFO 34524 --- [main] o.s.b.a.w.s.WelcomePageHandlerMapping    : Adding welcome page template: index
2024-06-04T17:49:50.416+09:00  INFO 34524 --- [main] o.s.s.web.DefaultSecurityFilterChain     : Will secure any request with [org.springframework.security.web.session.DisableEncodeUrlFilter@4a9d6eb9, org.springframework.security.web.context.request.async.WebAsyncManagerIntegrationFilter@157a2c86, org.springframework.security.web.context.SecurityContextHolderFilter@7f6137fb, org.springframework.security.web.header.HeaderWriterFilter@615bd28b, org.springframework.security.web.authentication.logout.LogoutFilter@fefd4a2, org.springframework.security.web.authentication.UsernamePasswordAuthenticationFilter@64faf3d, org.springframework.security.web.session.ConcurrentSessionFilter@3db145f7, org.springframework.security.web.savedrequest.RequestCacheAwareFilter@179f30b7, org.springframework.security.web.servletapi.SecurityContextHolderAwareRequestFilter@12ae75f1, org.springframework.security.web.authentication.AnonymousAuthenticationFilter@5b9c74a, org.springframework.security.web.session.SessionManagementFilter@74ec4df3, org.springframework.security.web.access.ExceptionTranslationFilter@77350382, org.springframework.security.web.access.intercept.FilterSecurityInterceptor@3431cb1f]
2024-06-04T17:49:50.509+09:00  WARN 34524 --- [main] o.s.b.a.m.MustacheAutoConfiguration      : Cannot find template location: classpath:/templates/ (please add some templates, check your Mustache configuration, or set spring.mustache.check-template-location=false)
2024-06-04T17:49:50.596+09:00  WARN 34524 --- [main] ConfigServletWebServerApplicationContext : Exception encountered during context initialization - cancelling refresh attempt: org.springframework.context.ApplicationContextException: Failed to start bean 'webServerStartStop'
2024-06-04T17:49:50.597+09:00  INFO 34524 --- [main] j.LocalContainerEntityManagerFactoryBean : Closing JPA EntityManagerFactory for persistence unit 'default'
2024-06-04T17:49:50.599+09:00  INFO 34524 --- [main] com.zaxxer.hikari.HikariDataSource       : HikariPool-1 - Shutdown initiated...
2024-06-04T17:49:50.604+09:00  INFO 34524 --- [main] com.zaxxer.hikari.HikariDataSource       : HikariPool-1 - Shutdown completed.
2024-06-04T17:49:50.614+09:00  INFO 34524 --- [main] .s.b.a.l.ConditionEvaluationReportLogger : 

Error starting ApplicationContext. To display the condition evaluation report re-run your application with 'debug' enabled.
2024-06-04T17:49:50.627+09:00 ERROR 34524 --- [main] o.s.b.d.LoggingFailureAnalysisReporter   : 

***************************
APPLICATION FAILED TO START
***************************

Description:

Web server failed to start. Port 80 was already in use.

Action:

Identify and stop the process that's listening on port 80 or configure this application to listen on another port.

2024-06-04T17:52:47.470+09:00  INFO 19904 --- [RMI TCP Connection(20)-127.0.0.1] inMXBeanRegistrar$SpringApplicationAdmin : Application shutdown requested.
2024-06-04T17:52:47.488+09:00  INFO 19904 --- [RMI TCP Connection(20)-127.0.0.1] j.LocalContainerEntityManagerFactoryBean : Closing JPA EntityManagerFactory for persistence unit 'default'
2024-06-04T17:52:47.490+09:00  INFO 19904 --- [RMI TCP Connection(20)-127.0.0.1] com.zaxxer.hikari.HikariDataSource       : HikariPool-1 - Shutdown initiated...
2024-06-04T17:52:47.498+09:00  INFO 19904 --- [RMI TCP Connection(20)-127.0.0.1] com.zaxxer.hikari.HikariDataSource       : HikariPool-1 - Shutdown completed.
2024-06-04T17:52:49.241+09:00  INFO 40512 --- [main] com.security.SecurityApplication         : Starting SecurityApplication using Java 17.0.10 with PID 40512 (C:\Users\freef\Workspace\mel\security\target\classes started by freef in C:\Users\freef\Workspace\mel\security)
2024-06-04T17:52:49.243+09:00  INFO 40512 --- [main] com.security.SecurityApplication         : No active profile set, falling back to 1 default profile: "default"
2024-06-04T17:52:49.659+09:00  INFO 40512 --- [main] .s.d.r.c.RepositoryConfigurationDelegate : Bootstrapping Spring Data JPA repositories in DEFAULT mode.
2024-06-04T17:52:49.697+09:00  INFO 40512 --- [main] .s.d.r.c.RepositoryConfigurationDelegate : Finished Spring Data repository scanning in 33 ms. Found 1 JPA repository interface.
2024-06-04T17:52:50.094+09:00  INFO 40512 --- [main] o.s.b.w.embedded.tomcat.TomcatWebServer  : Tomcat initialized with port 80 (http)
2024-06-04T17:52:50.102+09:00  INFO 40512 --- [main] o.apache.catalina.core.StandardService   : Starting service [Tomcat]
2024-06-04T17:52:50.103+09:00  INFO 40512 --- [main] o.apache.catalina.core.StandardEngine    : Starting Servlet engine: [Apache Tomcat/10.1.24]
2024-06-04T17:52:50.211+09:00  INFO 40512 --- [main] org.apache.jasper.servlet.TldScanner     : At least one JAR was scanned for TLDs yet contained no TLDs. Enable debug logging for this logger for a complete list of JARs that were scanned but no TLDs were found in them. Skipping unneeded JARs during scanning can improve startup time and JSP compilation time.
2024-06-04T17:52:50.214+09:00  INFO 40512 --- [main] o.a.c.c.C.[Tomcat].[localhost].[/]       : Initializing Spring embedded WebApplicationContext
2024-06-04T17:52:50.214+09:00  INFO 40512 --- [main] w.s.c.ServletWebServerApplicationContext : Root WebApplicationContext: initialization completed in 943 ms
2024-06-04T17:52:50.334+09:00  INFO 40512 --- [main] o.hibernate.jpa.internal.util.LogHelper  : HHH000204: Processing PersistenceUnitInfo [name: default]
2024-06-04T17:52:50.373+09:00  INFO 40512 --- [main] org.hibernate.Version                    : HHH000412: Hibernate ORM core version 6.5.2.Final
2024-06-04T17:52:50.398+09:00  INFO 40512 --- [main] o.h.c.internal.RegionFactoryInitiator    : HHH000026: Second-level cache disabled
2024-06-04T17:52:50.623+09:00  INFO 40512 --- [main] o.s.o.j.p.SpringPersistenceUnitInfo      : No LoadTimeWeaver setup: ignoring JPA class transformer
2024-06-04T17:52:50.644+09:00  INFO 40512 --- [main] com.zaxxer.hikari.HikariDataSource       : HikariPool-1 - Starting...
2024-06-04T17:52:50.907+09:00  INFO 40512 --- [main] com.zaxxer.hikari.pool.HikariPool        : HikariPool-1 - Added connection com.mysql.cj.jdbc.ConnectionImpl@2ac9e53c
2024-06-04T17:52:50.909+09:00  INFO 40512 --- [main] com.zaxxer.hikari.HikariDataSource       : HikariPool-1 - Start completed.
2024-06-04T17:52:51.600+09:00  INFO 40512 --- [main] o.h.e.t.j.p.i.JtaPlatformInitiator       : HHH000489: No JTA platform available (set 'hibernate.transaction.jta.platform' to enable JTA platform integration)
2024-06-04T17:52:51.648+09:00  INFO 40512 --- [main] j.LocalContainerEntityManagerFactoryBean : Initialized JPA EntityManagerFactory for persistence unit 'default'
2024-06-04T17:52:51.817+09:00  INFO 40512 --- [main] o.s.d.j.r.query.QueryEnhancerFactory     : Hibernate is in classpath; If applicable, HQL parser will be used.
2024-06-04T17:52:51.875+09:00  INFO 40512 --- [main] r$InitializeUserDetailsManagerConfigurer : Global AuthenticationManager configured with UserDetailsService bean with name principalDetailService
2024-06-04T17:52:51.933+09:00  INFO 40512 --- [main] o.s.b.a.w.s.WelcomePageHandlerMapping    : Adding welcome page template: index
2024-06-04T17:52:52.104+09:00  INFO 40512 --- [main] o.s.s.web.DefaultSecurityFilterChain     : Will secure any request with [org.springframework.security.web.session.DisableEncodeUrlFilter@4a9d6eb9, org.springframework.security.web.context.request.async.WebAsyncManagerIntegrationFilter@157a2c86, org.springframework.security.web.context.SecurityContextHolderFilter@7f6137fb, org.springframework.security.web.header.HeaderWriterFilter@615bd28b, org.springframework.security.web.authentication.logout.LogoutFilter@fefd4a2, org.springframework.security.web.authentication.UsernamePasswordAuthenticationFilter@64faf3d, org.springframework.security.web.session.ConcurrentSessionFilter@3db145f7, org.springframework.security.web.savedrequest.RequestCacheAwareFilter@179f30b7, org.springframework.security.web.servletapi.SecurityContextHolderAwareRequestFilter@12ae75f1, org.springframework.security.web.authentication.AnonymousAuthenticationFilter@5b9c74a, org.springframework.security.web.session.SessionManagementFilter@74ec4df3, org.springframework.security.web.access.ExceptionTranslationFilter@77350382, org.springframework.security.web.access.intercept.FilterSecurityInterceptor@3431cb1f]
2024-06-04T17:52:52.207+09:00  WARN 40512 --- [main] o.s.b.a.m.MustacheAutoConfiguration      : Cannot find template location: classpath:/templates/ (please add some templates, check your Mustache configuration, or set spring.mustache.check-template-location=false)
2024-06-04T17:52:52.310+09:00  INFO 40512 --- [main] o.s.b.w.embedded.tomcat.TomcatWebServer  : Tomcat started on port 80 (http) with context path '/'
2024-06-04T17:52:52.317+09:00  INFO 40512 --- [main] com.security.SecurityApplication         : Started SecurityApplication in 3.368 seconds (process running for 3.855)
2024-06-04T17:52:57.027+09:00  INFO 40512 --- [http-nio-80-exec-1] o.a.c.c.C.[Tomcat].[localhost].[/]       : Initializing Spring DispatcherServlet 'dispatcherServlet'
2024-06-04T17:52:57.027+09:00  INFO 40512 --- [http-nio-80-exec-1] o.s.web.servlet.DispatcherServlet        : Initializing Servlet 'dispatcherServlet'
2024-06-04T17:52:57.028+09:00  INFO 40512 --- [http-nio-80-exec-1] o.s.web.servlet.DispatcherServlet        : Completed initialization in 1 ms
2024-06-04T17:55:39.883+09:00  INFO 40512 --- [RMI TCP Connection(7)-127.0.0.1] inMXBeanRegistrar$SpringApplicationAdmin : Application shutdown requested.
2024-06-04T17:55:39.904+09:00  INFO 40512 --- [RMI TCP Connection(7)-127.0.0.1] j.LocalContainerEntityManagerFactoryBean : Closing JPA EntityManagerFactory for persistence unit 'default'
2024-06-04T17:55:39.909+09:00  INFO 40512 --- [RMI TCP Connection(7)-127.0.0.1] com.zaxxer.hikari.HikariDataSource       : HikariPool-1 - Shutdown initiated...
2024-06-04T17:55:39.916+09:00  INFO 40512 --- [RMI TCP Connection(7)-127.0.0.1] com.zaxxer.hikari.HikariDataSource       : HikariPool-1 - Shutdown completed.
2024-06-04T17:55:41.664+09:00  INFO 16548 --- [main] com.security.SecurityApplication         : Starting SecurityApplication using Java 17.0.10 with PID 16548 (C:\Users\freef\Workspace\mel\security\target\classes started by freef in C:\Users\freef\Workspace\mel\security)
2024-06-04T17:55:41.666+09:00  INFO 16548 --- [main] com.security.SecurityApplication         : No active profile set, falling back to 1 default profile: "default"
2024-06-04T17:55:42.093+09:00  INFO 16548 --- [main] .s.d.r.c.RepositoryConfigurationDelegate : Bootstrapping Spring Data JPA repositories in DEFAULT mode.
2024-06-04T17:55:42.134+09:00  INFO 16548 --- [main] .s.d.r.c.RepositoryConfigurationDelegate : Finished Spring Data repository scanning in 35 ms. Found 1 JPA repository interface.
2024-06-04T17:55:42.515+09:00  INFO 16548 --- [main] o.s.b.w.embedded.tomcat.TomcatWebServer  : Tomcat initialized with port 80 (http)
2024-06-04T17:55:42.523+09:00  INFO 16548 --- [main] o.apache.catalina.core.StandardService   : Starting service [Tomcat]
2024-06-04T17:55:42.523+09:00  INFO 16548 --- [main] o.apache.catalina.core.StandardEngine    : Starting Servlet engine: [Apache Tomcat/10.1.24]
2024-06-04T17:55:42.629+09:00  INFO 16548 --- [main] org.apache.jasper.servlet.TldScanner     : At least one JAR was scanned for TLDs yet contained no TLDs. Enable debug logging for this logger for a complete list of JARs that were scanned but no TLDs were found in them. Skipping unneeded JARs during scanning can improve startup time and JSP compilation time.
2024-06-04T17:55:42.636+09:00  INFO 16548 --- [main] o.a.c.c.C.[Tomcat].[localhost].[/]       : Initializing Spring embedded WebApplicationContext
2024-06-04T17:55:42.636+09:00  INFO 16548 --- [main] w.s.c.ServletWebServerApplicationContext : Root WebApplicationContext: initialization completed in 942 ms
2024-06-04T17:55:42.758+09:00  INFO 16548 --- [main] o.hibernate.jpa.internal.util.LogHelper  : HHH000204: Processing PersistenceUnitInfo [name: default]
2024-06-04T17:55:42.794+09:00  INFO 16548 --- [main] org.hibernate.Version                    : HHH000412: Hibernate ORM core version 6.5.2.Final
2024-06-04T17:55:42.817+09:00  INFO 16548 --- [main] o.h.c.internal.RegionFactoryInitiator    : HHH000026: Second-level cache disabled
2024-06-04T17:55:43.025+09:00  INFO 16548 --- [main] o.s.o.j.p.SpringPersistenceUnitInfo      : No LoadTimeWeaver setup: ignoring JPA class transformer
2024-06-04T17:55:43.044+09:00  INFO 16548 --- [main] com.zaxxer.hikari.HikariDataSource       : HikariPool-1 - Starting...
2024-06-04T17:55:43.288+09:00  INFO 16548 --- [main] com.zaxxer.hikari.pool.HikariPool        : HikariPool-1 - Added connection com.mysql.cj.jdbc.ConnectionImpl@29bd056a
2024-06-04T17:55:43.290+09:00  INFO 16548 --- [main] com.zaxxer.hikari.HikariDataSource       : HikariPool-1 - Start completed.
2024-06-04T17:55:43.938+09:00  INFO 16548 --- [main] o.h.e.t.j.p.i.JtaPlatformInitiator       : HHH000489: No JTA platform available (set 'hibernate.transaction.jta.platform' to enable JTA platform integration)
2024-06-04T17:55:43.989+09:00  INFO 16548 --- [main] j.LocalContainerEntityManagerFactoryBean : Initialized JPA EntityManagerFactory for persistence unit 'default'
2024-06-04T17:55:44.160+09:00  INFO 16548 --- [main] o.s.d.j.r.query.QueryEnhancerFactory     : Hibernate is in classpath; If applicable, HQL parser will be used.
2024-06-04T17:55:44.219+09:00  INFO 16548 --- [main] r$InitializeUserDetailsManagerConfigurer : Global AuthenticationManager configured with UserDetailsService bean with name principalDetailService
2024-06-04T17:55:44.273+09:00  INFO 16548 --- [main] o.s.b.a.w.s.WelcomePageHandlerMapping    : Adding welcome page template: index
2024-06-04T17:55:44.430+09:00  INFO 16548 --- [main] o.s.s.web.DefaultSecurityFilterChain     : Will secure any request with [org.springframework.security.web.session.DisableEncodeUrlFilter@4f70b659, org.springframework.security.web.context.request.async.WebAsyncManagerIntegrationFilter@18f1a81a, org.springframework.security.web.context.SecurityContextHolderFilter@2b9a7211, org.springframework.security.web.header.HeaderWriterFilter@369d624d, org.springframework.security.web.authentication.logout.LogoutFilter@568cbf8d, org.springframework.security.web.authentication.UsernamePasswordAuthenticationFilter@2b551e7b, org.springframework.security.web.session.ConcurrentSessionFilter@4b89515b, org.springframework.security.web.savedrequest.RequestCacheAwareFilter@5482b32a, org.springframework.security.web.servletapi.SecurityContextHolderAwareRequestFilter@1300112e, org.springframework.security.web.authentication.AnonymousAuthenticationFilter@73ba3c4b, org.springframework.security.web.session.SessionManagementFilter@a6924ad, org.springframework.security.web.access.ExceptionTranslationFilter@3d9c69f8, org.springframework.security.web.access.intercept.FilterSecurityInterceptor@7d816d32]
2024-06-04T17:55:44.521+09:00  WARN 16548 --- [main] o.s.b.a.m.MustacheAutoConfiguration      : Cannot find template location: classpath:/templates/ (please add some templates, check your Mustache configuration, or set spring.mustache.check-template-location=false)
2024-06-04T17:55:44.620+09:00  INFO 16548 --- [main] o.s.b.w.embedded.tomcat.TomcatWebServer  : Tomcat started on port 80 (http) with context path '/'
2024-06-04T17:55:44.625+09:00  INFO 16548 --- [main] com.security.SecurityApplication         : Started SecurityApplication in 3.249 seconds (process running for 3.791)
2024-06-04T17:55:45.661+09:00  INFO 16548 --- [http-nio-80-exec-1] o.a.c.c.C.[Tomcat].[localhost].[/]       : Initializing Spring DispatcherServlet 'dispatcherServlet'
2024-06-04T17:55:45.662+09:00  INFO 16548 --- [http-nio-80-exec-1] o.s.web.servlet.DispatcherServlet        : Initializing Servlet 'dispatcherServlet'
2024-06-04T17:55:45.663+09:00  INFO 16548 --- [http-nio-80-exec-1] o.s.web.servlet.DispatcherServlet        : Completed initialization in 1 ms
2024-06-04T17:56:30.058+09:00  INFO 16548 --- [RMI TCP Connection(4)-127.0.0.1] inMXBeanRegistrar$SpringApplicationAdmin : Application shutdown requested.
2024-06-04T17:56:30.072+09:00  INFO 16548 --- [RMI TCP Connection(4)-127.0.0.1] j.LocalContainerEntityManagerFactoryBean : Closing JPA EntityManagerFactory for persistence unit 'default'
2024-06-04T17:56:30.073+09:00  INFO 16548 --- [RMI TCP Connection(4)-127.0.0.1] com.zaxxer.hikari.HikariDataSource       : HikariPool-1 - Shutdown initiated...
2024-06-04T17:56:30.079+09:00  INFO 16548 --- [RMI TCP Connection(4)-127.0.0.1] com.zaxxer.hikari.HikariDataSource       : HikariPool-1 - Shutdown completed.
2024-06-04T17:56:31.778+09:00  INFO 38168 --- [main] com.security.SecurityApplication         : Starting SecurityApplication using Java 17.0.10 with PID 38168 (C:\Users\freef\Workspace\mel\security\target\classes started by freef in C:\Users\freef\Workspace\mel\security)
2024-06-04T17:56:31.781+09:00  INFO 38168 --- [main] com.security.SecurityApplication         : No active profile set, falling back to 1 default profile: "default"
2024-06-04T17:56:32.205+09:00  INFO 38168 --- [main] .s.d.r.c.RepositoryConfigurationDelegate : Bootstrapping Spring Data JPA repositories in DEFAULT mode.
2024-06-04T17:56:32.248+09:00  INFO 38168 --- [main] .s.d.r.c.RepositoryConfigurationDelegate : Finished Spring Data repository scanning in 36 ms. Found 1 JPA repository interface.
2024-06-04T17:56:32.672+09:00  INFO 38168 --- [main] o.s.b.w.embedded.tomcat.TomcatWebServer  : Tomcat initialized with port 80 (http)
2024-06-04T17:56:32.681+09:00  INFO 38168 --- [main] o.apache.catalina.core.StandardService   : Starting service [Tomcat]
2024-06-04T17:56:32.681+09:00  INFO 38168 --- [main] o.apache.catalina.core.StandardEngine    : Starting Servlet engine: [Apache Tomcat/10.1.24]
2024-06-04T17:56:32.802+09:00  INFO 38168 --- [main] org.apache.jasper.servlet.TldScanner     : At least one JAR was scanned for TLDs yet contained no TLDs. Enable debug logging for this logger for a complete list of JARs that were scanned but no TLDs were found in them. Skipping unneeded JARs during scanning can improve startup time and JSP compilation time.
2024-06-04T17:56:32.805+09:00  INFO 38168 --- [main] o.a.c.c.C.[.[localhost].[/joinus]        : Initializing Spring embedded WebApplicationContext
2024-06-04T17:56:32.806+09:00  INFO 38168 --- [main] w.s.c.ServletWebServerApplicationContext : Root WebApplicationContext: initialization completed in 994 ms
2024-06-04T17:56:32.919+09:00  INFO 38168 --- [main] o.hibernate.jpa.internal.util.LogHelper  : HHH000204: Processing PersistenceUnitInfo [name: default]
2024-06-04T17:56:32.960+09:00  INFO 38168 --- [main] org.hibernate.Version                    : HHH000412: Hibernate ORM core version 6.5.2.Final
2024-06-04T17:56:32.985+09:00  INFO 38168 --- [main] o.h.c.internal.RegionFactoryInitiator    : HHH000026: Second-level cache disabled
2024-06-04T17:56:33.200+09:00  INFO 38168 --- [main] o.s.o.j.p.SpringPersistenceUnitInfo      : No LoadTimeWeaver setup: ignoring JPA class transformer
2024-06-04T17:56:33.220+09:00  INFO 38168 --- [main] com.zaxxer.hikari.HikariDataSource       : HikariPool-1 - Starting...
2024-06-04T17:56:33.478+09:00  INFO 38168 --- [main] com.zaxxer.hikari.pool.HikariPool        : HikariPool-1 - Added connection com.mysql.cj.jdbc.ConnectionImpl@13137835
2024-06-04T17:56:33.480+09:00  INFO 38168 --- [main] com.zaxxer.hikari.HikariDataSource       : HikariPool-1 - Start completed.
2024-06-04T17:56:34.138+09:00  INFO 38168 --- [main] o.h.e.t.j.p.i.JtaPlatformInitiator       : HHH000489: No JTA platform available (set 'hibernate.transaction.jta.platform' to enable JTA platform integration)
2024-06-04T17:56:34.190+09:00  INFO 38168 --- [main] j.LocalContainerEntityManagerFactoryBean : Initialized JPA EntityManagerFactory for persistence unit 'default'
2024-06-04T17:56:34.352+09:00  INFO 38168 --- [main] o.s.d.j.r.query.QueryEnhancerFactory     : Hibernate is in classpath; If applicable, HQL parser will be used.
2024-06-04T17:56:34.413+09:00  INFO 38168 --- [main] r$InitializeUserDetailsManagerConfigurer : Global AuthenticationManager configured with UserDetailsService bean with name principalDetailService
2024-06-04T17:56:34.468+09:00  INFO 38168 --- [main] o.s.b.a.w.s.WelcomePageHandlerMapping    : Adding welcome page template: index
2024-06-04T17:56:34.634+09:00  INFO 38168 --- [main] o.s.s.web.DefaultSecurityFilterChain     : Will secure any request with [org.springframework.security.web.session.DisableEncodeUrlFilter@1e5921ec, org.springframework.security.web.context.request.async.WebAsyncManagerIntegrationFilter@309b6768, org.springframework.security.web.context.SecurityContextHolderFilter@77350382, org.springframework.security.web.header.HeaderWriterFilter@6e818345, org.springframework.security.web.authentication.logout.LogoutFilter@12ae75f1, org.springframework.security.web.authentication.UsernamePasswordAuthenticationFilter@5069a91b, org.springframework.security.web.session.ConcurrentSessionFilter@12921ee1, org.springframework.security.web.savedrequest.RequestCacheAwareFilter@615bd28b, org.springframework.security.web.servletapi.SecurityContextHolderAwareRequestFilter@74ec4df3, org.springframework.security.web.authentication.AnonymousAuthenticationFilter@333e01c6, org.springframework.security.web.session.SessionManagementFilter@1235732d, org.springframework.security.web.access.ExceptionTranslationFilter@409df37d, org.springframework.security.web.access.intercept.FilterSecurityInterceptor@2060df8]
2024-06-04T17:56:34.731+09:00  WARN 38168 --- [main] o.s.b.a.m.MustacheAutoConfiguration      : Cannot find template location: classpath:/templates/ (please add some templates, check your Mustache configuration, or set spring.mustache.check-template-location=false)
2024-06-04T17:56:34.843+09:00  INFO 38168 --- [main] o.s.b.w.embedded.tomcat.TomcatWebServer  : Tomcat started on port 80 (http) with context path '/joinus'
2024-06-04T17:56:34.849+09:00  INFO 38168 --- [main] com.security.SecurityApplication         : Started SecurityApplication in 3.366 seconds (process running for 3.886)
2024-06-04T17:56:38.514+09:00  INFO 38168 --- [http-nio-80-exec-2] o.a.c.c.C.[.[localhost].[/joinus]        : Initializing Spring DispatcherServlet 'dispatcherServlet'
2024-06-04T17:56:38.514+09:00  INFO 38168 --- [http-nio-80-exec-2] o.s.web.servlet.DispatcherServlet        : Initializing Servlet 'dispatcherServlet'
2024-06-04T17:56:38.515+09:00  INFO 38168 --- [http-nio-80-exec-2] o.s.web.servlet.DispatcherServlet        : Completed initialization in 1 ms
2024-06-04T17:56:58.810+09:00  INFO 38168 --- [RMI TCP Connection(2)-127.0.0.1] inMXBeanRegistrar$SpringApplicationAdmin : Application shutdown requested.
2024-06-04T17:56:58.831+09:00  INFO 38168 --- [RMI TCP Connection(2)-127.0.0.1] j.LocalContainerEntityManagerFactoryBean : Closing JPA EntityManagerFactory for persistence unit 'default'
2024-06-04T17:56:58.833+09:00  INFO 38168 --- [RMI TCP Connection(2)-127.0.0.1] com.zaxxer.hikari.HikariDataSource       : HikariPool-1 - Shutdown initiated...
2024-06-04T17:56:58.839+09:00  INFO 38168 --- [RMI TCP Connection(2)-127.0.0.1] com.zaxxer.hikari.HikariDataSource       : HikariPool-1 - Shutdown completed.
2024-06-04T17:57:00.531+09:00  INFO 19868 --- [main] com.security.SecurityApplication         : Starting SecurityApplication using Java 17.0.10 with PID 19868 (C:\Users\freef\Workspace\mel\security\target\classes started by freef in C:\Users\freef\Workspace\mel\security)
2024-06-04T17:57:00.533+09:00  INFO 19868 --- [main] com.security.SecurityApplication         : No active profile set, falling back to 1 default profile: "default"
2024-06-04T17:57:00.972+09:00  INFO 19868 --- [main] .s.d.r.c.RepositoryConfigurationDelegate : Bootstrapping Spring Data JPA repositories in DEFAULT mode.
2024-06-04T17:57:01.013+09:00  INFO 19868 --- [main] .s.d.r.c.RepositoryConfigurationDelegate : Finished Spring Data repository scanning in 35 ms. Found 1 JPA repository interface.
2024-06-04T17:57:01.405+09:00  INFO 19868 --- [main] o.s.b.w.embedded.tomcat.TomcatWebServer  : Tomcat initialized with port 80 (http)
2024-06-04T17:57:01.414+09:00  INFO 19868 --- [main] o.apache.catalina.core.StandardService   : Starting service [Tomcat]
2024-06-04T17:57:01.414+09:00  INFO 19868 --- [main] o.apache.catalina.core.StandardEngine    : Starting Servlet engine: [Apache Tomcat/10.1.24]
2024-06-04T17:57:01.527+09:00  INFO 19868 --- [main] org.apache.jasper.servlet.TldScanner     : At least one JAR was scanned for TLDs yet contained no TLDs. Enable debug logging for this logger for a complete list of JARs that were scanned but no TLDs were found in them. Skipping unneeded JARs during scanning can improve startup time and JSP compilation time.
2024-06-04T17:57:01.530+09:00  INFO 19868 --- [main] o.a.c.c.C.[Tomcat].[localhost].[/]       : Initializing Spring embedded WebApplicationContext
2024-06-04T17:57:01.530+09:00  INFO 19868 --- [main] w.s.c.ServletWebServerApplicationContext : Root WebApplicationContext: initialization completed in 969 ms
2024-06-04T17:57:01.649+09:00  INFO 19868 --- [main] o.hibernate.jpa.internal.util.LogHelper  : HHH000204: Processing PersistenceUnitInfo [name: default]
2024-06-04T17:57:01.691+09:00  INFO 19868 --- [main] org.hibernate.Version                    : HHH000412: Hibernate ORM core version 6.5.2.Final
2024-06-04T17:57:01.715+09:00  INFO 19868 --- [main] o.h.c.internal.RegionFactoryInitiator    : HHH000026: Second-level cache disabled
2024-06-04T17:57:01.929+09:00  INFO 19868 --- [main] o.s.o.j.p.SpringPersistenceUnitInfo      : No LoadTimeWeaver setup: ignoring JPA class transformer
2024-06-04T17:57:01.948+09:00  INFO 19868 --- [main] com.zaxxer.hikari.HikariDataSource       : HikariPool-1 - Starting...
2024-06-04T17:57:02.194+09:00  INFO 19868 --- [main] com.zaxxer.hikari.pool.HikariPool        : HikariPool-1 - Added connection com.mysql.cj.jdbc.ConnectionImpl@21e702b8
2024-06-04T17:57:02.197+09:00  INFO 19868 --- [main] com.zaxxer.hikari.HikariDataSource       : HikariPool-1 - Start completed.
2024-06-04T17:57:02.837+09:00  INFO 19868 --- [main] o.h.e.t.j.p.i.JtaPlatformInitiator       : HHH000489: No JTA platform available (set 'hibernate.transaction.jta.platform' to enable JTA platform integration)
2024-06-04T17:57:02.886+09:00  INFO 19868 --- [main] j.LocalContainerEntityManagerFactoryBean : Initialized JPA EntityManagerFactory for persistence unit 'default'
2024-06-04T17:57:03.056+09:00  INFO 19868 --- [main] o.s.d.j.r.query.QueryEnhancerFactory     : Hibernate is in classpath; If applicable, HQL parser will be used.
2024-06-04T17:57:03.119+09:00  INFO 19868 --- [main] r$InitializeUserDetailsManagerConfigurer : Global AuthenticationManager configured with UserDetailsService bean with name principalDetailService
2024-06-04T17:57:03.171+09:00  INFO 19868 --- [main] o.s.b.a.w.s.WelcomePageHandlerMapping    : Adding welcome page template: index
2024-06-04T17:57:03.333+09:00  INFO 19868 --- [main] o.s.s.web.DefaultSecurityFilterChain     : Will secure any request with [org.springframework.security.web.session.DisableEncodeUrlFilter@18f1a81a, org.springframework.security.web.context.request.async.WebAsyncManagerIntegrationFilter@73ba3c4b, org.springframework.security.web.context.SecurityContextHolderFilter@74ec4df3, org.springframework.security.web.header.HeaderWriterFilter@54644470, org.springframework.security.web.authentication.logout.LogoutFilter@376c5950, org.springframework.security.web.authentication.UsernamePasswordAuthenticationFilter@36e95b7b, org.springframework.security.web.session.ConcurrentSessionFilter@496e2bdd, org.springframework.security.web.savedrequest.RequestCacheAwareFilter@6bf2ecbb, org.springframework.security.web.servletapi.SecurityContextHolderAwareRequestFilter@5955568, org.springframework.security.web.authentication.AnonymousAuthenticationFilter@304933cb, org.springframework.security.web.session.SessionManagementFilter@33fc92d6, org.springframework.security.web.access.ExceptionTranslationFilter@1235732d, org.springframework.security.web.access.intercept.FilterSecurityInterceptor@4f5ad6b7]
2024-06-04T17:57:03.429+09:00  WARN 19868 --- [main] o.s.b.a.m.MustacheAutoConfiguration      : Cannot find template location: classpath:/templates/ (please add some templates, check your Mustache configuration, or set spring.mustache.check-template-location=false)
2024-06-04T17:57:03.545+09:00  INFO 19868 --- [main] o.s.b.w.embedded.tomcat.TomcatWebServer  : Tomcat started on port 80 (http) with context path '/'
2024-06-04T17:57:03.551+09:00  INFO 19868 --- [main] com.security.SecurityApplication         : Started SecurityApplication in 3.304 seconds (process running for 3.812)
2024-06-04T17:57:25.006+09:00  INFO 19868 --- [RMI TCP Connection(2)-127.0.0.1] inMXBeanRegistrar$SpringApplicationAdmin : Application shutdown requested.
2024-06-04T17:57:25.022+09:00  INFO 19868 --- [RMI TCP Connection(2)-127.0.0.1] j.LocalContainerEntityManagerFactoryBean : Closing JPA EntityManagerFactory for persistence unit 'default'
2024-06-04T17:57:25.024+09:00  INFO 19868 --- [RMI TCP Connection(2)-127.0.0.1] com.zaxxer.hikari.HikariDataSource       : HikariPool-1 - Shutdown initiated...
2024-06-04T17:57:25.030+09:00  INFO 19868 --- [RMI TCP Connection(2)-127.0.0.1] com.zaxxer.hikari.HikariDataSource       : HikariPool-1 - Shutdown completed.
2024-06-04T17:57:26.583+09:00  INFO 32088 --- [main] com.security.SecurityApplication         : Starting SecurityApplication using Java 17.0.10 with PID 32088 (C:\Users\freef\Workspace\mel\security\target\classes started by freef in C:\Users\freef\Workspace\mel\security)
2024-06-04T17:57:26.586+09:00  INFO 32088 --- [main] com.security.SecurityApplication         : No active profile set, falling back to 1 default profile: "default"
2024-06-04T17:57:26.988+09:00  INFO 32088 --- [main] .s.d.r.c.RepositoryConfigurationDelegate : Bootstrapping Spring Data JPA repositories in DEFAULT mode.
2024-06-04T17:57:27.028+09:00  INFO 32088 --- [main] .s.d.r.c.RepositoryConfigurationDelegate : Finished Spring Data repository scanning in 35 ms. Found 1 JPA repository interface.
2024-06-04T17:57:27.411+09:00  INFO 32088 --- [main] o.s.b.w.embedded.tomcat.TomcatWebServer  : Tomcat initialized with port 80 (http)
2024-06-04T17:57:27.419+09:00  INFO 32088 --- [main] o.apache.catalina.core.StandardService   : Starting service [Tomcat]
2024-06-04T17:57:27.419+09:00  INFO 32088 --- [main] o.apache.catalina.core.StandardEngine    : Starting Servlet engine: [Apache Tomcat/10.1.24]
2024-06-04T17:57:27.527+09:00  INFO 32088 --- [main] org.apache.jasper.servlet.TldScanner     : At least one JAR was scanned for TLDs yet contained no TLDs. Enable debug logging for this logger for a complete list of JARs that were scanned but no TLDs were found in them. Skipping unneeded JARs during scanning can improve startup time and JSP compilation time.
2024-06-04T17:57:27.530+09:00  INFO 32088 --- [main] o.a.c.c.C.[Tomcat].[localhost].[/]       : Initializing Spring embedded WebApplicationContext
2024-06-04T17:57:27.530+09:00  INFO 32088 --- [main] w.s.c.ServletWebServerApplicationContext : Root WebApplicationContext: initialization completed in 918 ms
2024-06-04T17:57:27.654+09:00  INFO 32088 --- [main] o.hibernate.jpa.internal.util.LogHelper  : HHH000204: Processing PersistenceUnitInfo [name: default]
2024-06-04T17:57:27.692+09:00  INFO 32088 --- [main] org.hibernate.Version                    : HHH000412: Hibernate ORM core version 6.5.2.Final
2024-06-04T17:57:27.717+09:00  INFO 32088 --- [main] o.h.c.internal.RegionFactoryInitiator    : HHH000026: Second-level cache disabled
2024-06-04T17:57:27.931+09:00  INFO 32088 --- [main] o.s.o.j.p.SpringPersistenceUnitInfo      : No LoadTimeWeaver setup: ignoring JPA class transformer
2024-06-04T17:57:27.952+09:00  INFO 32088 --- [main] com.zaxxer.hikari.HikariDataSource       : HikariPool-1 - Starting...
2024-06-04T17:57:28.206+09:00  INFO 32088 --- [main] com.zaxxer.hikari.pool.HikariPool        : HikariPool-1 - Added connection com.mysql.cj.jdbc.ConnectionImpl@13137835
2024-06-04T17:57:28.209+09:00  INFO 32088 --- [main] com.zaxxer.hikari.HikariDataSource       : HikariPool-1 - Start completed.
2024-06-04T17:57:28.875+09:00  INFO 32088 --- [main] o.h.e.t.j.p.i.JtaPlatformInitiator       : HHH000489: No JTA platform available (set 'hibernate.transaction.jta.platform' to enable JTA platform integration)
2024-06-04T17:57:28.929+09:00  INFO 32088 --- [main] j.LocalContainerEntityManagerFactoryBean : Initialized JPA EntityManagerFactory for persistence unit 'default'
2024-06-04T17:57:29.103+09:00  INFO 32088 --- [main] o.s.d.j.r.query.QueryEnhancerFactory     : Hibernate is in classpath; If applicable, HQL parser will be used.
2024-06-04T17:57:29.165+09:00  INFO 32088 --- [main] r$InitializeUserDetailsManagerConfigurer : Global AuthenticationManager configured with UserDetailsService bean with name principalDetailService
2024-06-04T17:57:29.221+09:00  INFO 32088 --- [main] o.s.b.a.w.s.WelcomePageHandlerMapping    : Adding welcome page template: index
2024-06-04T17:57:29.381+09:00  INFO 32088 --- [main] o.s.s.web.DefaultSecurityFilterChain     : Will secure any request with [org.springframework.security.web.session.DisableEncodeUrlFilter@1e5921ec, org.springframework.security.web.context.request.async.WebAsyncManagerIntegrationFilter@309b6768, org.springframework.security.web.context.SecurityContextHolderFilter@77350382, org.springframework.security.web.header.HeaderWriterFilter@6e818345, org.springframework.security.web.authentication.logout.LogoutFilter@12ae75f1, org.springframework.security.web.authentication.UsernamePasswordAuthenticationFilter@5069a91b, org.springframework.security.web.session.ConcurrentSessionFilter@12921ee1, org.springframework.security.web.savedrequest.RequestCacheAwareFilter@615bd28b, org.springframework.security.web.servletapi.SecurityContextHolderAwareRequestFilter@74ec4df3, org.springframework.security.web.authentication.AnonymousAuthenticationFilter@333e01c6, org.springframework.security.web.session.SessionManagementFilter@1235732d, org.springframework.security.web.access.ExceptionTranslationFilter@409df37d, org.springframework.security.web.access.intercept.FilterSecurityInterceptor@2060df8]
2024-06-04T17:57:29.472+09:00  WARN 32088 --- [main] o.s.b.a.m.MustacheAutoConfiguration      : Cannot find template location: classpath:/templates/ (please add some templates, check your Mustache configuration, or set spring.mustache.check-template-location=false)
2024-06-04T17:57:29.579+09:00  INFO 32088 --- [main] o.s.b.w.embedded.tomcat.TomcatWebServer  : Tomcat started on port 80 (http) with context path '/'
2024-06-04T17:57:29.584+09:00  INFO 32088 --- [main] com.security.SecurityApplication         : Started SecurityApplication in 3.284 seconds (process running for 3.782)
2024-06-04T17:57:34.812+09:00  INFO 32088 --- [http-nio-80-exec-1] o.a.c.c.C.[Tomcat].[localhost].[/]       : Initializing Spring DispatcherServlet 'dispatcherServlet'
2024-06-04T17:57:34.813+09:00  INFO 32088 --- [http-nio-80-exec-1] o.s.web.servlet.DispatcherServlet        : Initializing Servlet 'dispatcherServlet'
2024-06-04T17:57:34.813+09:00  INFO 32088 --- [http-nio-80-exec-1] o.s.web.servlet.DispatcherServlet        : Completed initialization in 0 ms
2024-06-04T17:58:22.471+09:00  INFO 32088 --- [RMI TCP Connection(5)-127.0.0.1] inMXBeanRegistrar$SpringApplicationAdmin : Application shutdown requested.
2024-06-04T17:58:22.485+09:00  INFO 32088 --- [RMI TCP Connection(5)-127.0.0.1] j.LocalContainerEntityManagerFactoryBean : Closing JPA EntityManagerFactory for persistence unit 'default'
2024-06-04T17:58:22.486+09:00  INFO 32088 --- [RMI TCP Connection(5)-127.0.0.1] com.zaxxer.hikari.HikariDataSource       : HikariPool-1 - Shutdown initiated...
2024-06-04T17:58:22.491+09:00  INFO 32088 --- [RMI TCP Connection(5)-127.0.0.1] com.zaxxer.hikari.HikariDataSource       : HikariPool-1 - Shutdown completed.
2024-06-04T17:58:24.120+09:00  INFO 20448 --- [main] com.security.SecurityApplication         : Starting SecurityApplication using Java 17.0.10 with PID 20448 (C:\Users\freef\Workspace\mel\security\target\classes started by freef in C:\Users\freef\Workspace\mel\security)
2024-06-04T17:58:24.122+09:00  INFO 20448 --- [main] com.security.SecurityApplication         : No active profile set, falling back to 1 default profile: "default"
2024-06-04T17:58:24.569+09:00  INFO 20448 --- [main] .s.d.r.c.RepositoryConfigurationDelegate : Bootstrapping Spring Data JPA repositories in DEFAULT mode.
2024-06-04T17:58:24.610+09:00  INFO 20448 --- [main] .s.d.r.c.RepositoryConfigurationDelegate : Finished Spring Data repository scanning in 35 ms. Found 1 JPA repository interface.
2024-06-04T17:58:25.027+09:00  INFO 20448 --- [main] o.s.b.w.embedded.tomcat.TomcatWebServer  : Tomcat initialized with port 80 (http)
2024-06-04T17:58:25.035+09:00  INFO 20448 --- [main] o.apache.catalina.core.StandardService   : Starting service [Tomcat]
2024-06-04T17:58:25.036+09:00  INFO 20448 --- [main] o.apache.catalina.core.StandardEngine    : Starting Servlet engine: [Apache Tomcat/10.1.24]
2024-06-04T17:58:25.150+09:00  INFO 20448 --- [main] org.apache.jasper.servlet.TldScanner     : At least one JAR was scanned for TLDs yet contained no TLDs. Enable debug logging for this logger for a complete list of JARs that were scanned but no TLDs were found in them. Skipping unneeded JARs during scanning can improve startup time and JSP compilation time.
2024-06-04T17:58:25.153+09:00  INFO 20448 --- [main] o.a.c.c.C.[Tomcat].[localhost].[/]       : Initializing Spring embedded WebApplicationContext
2024-06-04T17:58:25.153+09:00  INFO 20448 --- [main] w.s.c.ServletWebServerApplicationContext : Root WebApplicationContext: initialization completed in 999 ms
2024-06-04T17:58:25.275+09:00  INFO 20448 --- [main] o.hibernate.jpa.internal.util.LogHelper  : HHH000204: Processing PersistenceUnitInfo [name: default]
2024-06-04T17:58:25.314+09:00  INFO 20448 --- [main] org.hibernate.Version                    : HHH000412: Hibernate ORM core version 6.5.2.Final
2024-06-04T17:58:25.343+09:00  INFO 20448 --- [main] o.h.c.internal.RegionFactoryInitiator    : HHH000026: Second-level cache disabled
2024-06-04T17:58:25.555+09:00  INFO 20448 --- [main] o.s.o.j.p.SpringPersistenceUnitInfo      : No LoadTimeWeaver setup: ignoring JPA class transformer
2024-06-04T17:58:25.574+09:00  INFO 20448 --- [main] com.zaxxer.hikari.HikariDataSource       : HikariPool-1 - Starting...
2024-06-04T17:58:25.818+09:00  INFO 20448 --- [main] com.zaxxer.hikari.pool.HikariPool        : HikariPool-1 - Added connection com.mysql.cj.jdbc.ConnectionImpl@77d959f1
2024-06-04T17:58:25.820+09:00  INFO 20448 --- [main] com.zaxxer.hikari.HikariDataSource       : HikariPool-1 - Start completed.
2024-06-04T17:58:26.474+09:00  INFO 20448 --- [main] o.h.e.t.j.p.i.JtaPlatformInitiator       : HHH000489: No JTA platform available (set 'hibernate.transaction.jta.platform' to enable JTA platform integration)
2024-06-04T17:58:26.522+09:00  INFO 20448 --- [main] j.LocalContainerEntityManagerFactoryBean : Initialized JPA EntityManagerFactory for persistence unit 'default'
2024-06-04T17:58:26.682+09:00  INFO 20448 --- [main] o.s.d.j.r.query.QueryEnhancerFactory     : Hibernate is in classpath; If applicable, HQL parser will be used.
2024-06-04T17:58:26.745+09:00  INFO 20448 --- [main] r$InitializeUserDetailsManagerConfigurer : Global AuthenticationManager configured with UserDetailsService bean with name principalDetailService
2024-06-04T17:58:26.800+09:00  INFO 20448 --- [main] o.s.b.a.w.s.WelcomePageHandlerMapping    : Adding welcome page template: index
2024-06-04T17:58:26.956+09:00  INFO 20448 --- [main] o.s.s.web.DefaultSecurityFilterChain     : Will secure any request with [org.springframework.security.web.session.DisableEncodeUrlFilter@64faf3d, org.springframework.security.web.context.request.async.WebAsyncManagerIntegrationFilter@3f523dae, org.springframework.security.web.context.SecurityContextHolderFilter@7915111a, org.springframework.security.web.header.HeaderWriterFilter@496e2bdd, org.springframework.security.web.authentication.logout.LogoutFilter@3aec2f59, org.springframework.security.web.authentication.UsernamePasswordAuthenticationFilter@3431cb1f, org.springframework.security.web.session.ConcurrentSessionFilter@5955568, org.springframework.security.web.savedrequest.RequestCacheAwareFilter@34538ffe, org.springframework.security.web.servletapi.SecurityContextHolderAwareRequestFilter@2bab1821, org.springframework.security.web.authentication.AnonymousAuthenticationFilter@7fe40b9f, org.springframework.security.web.session.SessionManagementFilter@76379796, org.springframework.security.web.access.ExceptionTranslationFilter@29390110, org.springframework.security.web.access.intercept.FilterSecurityInterceptor@73ba3c4b]
2024-06-04T17:58:27.056+09:00  WARN 20448 --- [main] o.s.b.a.m.MustacheAutoConfiguration      : Cannot find template location: classpath:/templates/ (please add some templates, check your Mustache configuration, or set spring.mustache.check-template-location=false)
2024-06-04T17:58:27.154+09:00  INFO 20448 --- [main] o.s.b.w.embedded.tomcat.TomcatWebServer  : Tomcat started on port 80 (http) with context path '/'
2024-06-04T17:58:27.160+09:00  INFO 20448 --- [main] com.security.SecurityApplication         : Started SecurityApplication in 3.339 seconds (process running for 3.83)
2024-06-04T17:58:32.626+09:00  INFO 20448 --- [http-nio-80-exec-2] o.a.c.c.C.[Tomcat].[localhost].[/]       : Initializing Spring DispatcherServlet 'dispatcherServlet'
2024-06-04T17:58:32.627+09:00  INFO 20448 --- [http-nio-80-exec-2] o.s.web.servlet.DispatcherServlet        : Initializing Servlet 'dispatcherServlet'
2024-06-04T17:58:32.627+09:00  INFO 20448 --- [http-nio-80-exec-2] o.s.web.servlet.DispatcherServlet        : Completed initialization in 0 ms
2024-06-04T17:59:10.303+09:00  INFO 20448 --- [RMI TCP Connection(3)-127.0.0.1] inMXBeanRegistrar$SpringApplicationAdmin : Application shutdown requested.
2024-06-04T17:59:10.315+09:00  INFO 20448 --- [RMI TCP Connection(3)-127.0.0.1] j.LocalContainerEntityManagerFactoryBean : Closing JPA EntityManagerFactory for persistence unit 'default'
2024-06-04T17:59:10.317+09:00  INFO 20448 --- [RMI TCP Connection(3)-127.0.0.1] com.zaxxer.hikari.HikariDataSource       : HikariPool-1 - Shutdown initiated...
2024-06-04T17:59:10.323+09:00  INFO 20448 --- [RMI TCP Connection(3)-127.0.0.1] com.zaxxer.hikari.HikariDataSource       : HikariPool-1 - Shutdown completed.
2024-06-04T17:59:11.966+09:00  INFO 40156 --- [main] com.security.SecurityApplication         : Starting SecurityApplication using Java 17.0.10 with PID 40156 (C:\Users\freef\Workspace\mel\security\target\classes started by freef in C:\Users\freef\Workspace\mel\security)
2024-06-04T17:59:11.968+09:00  INFO 40156 --- [main] com.security.SecurityApplication         : No active profile set, falling back to 1 default profile: "default"
2024-06-04T17:59:12.396+09:00  INFO 40156 --- [main] .s.d.r.c.RepositoryConfigurationDelegate : Bootstrapping Spring Data JPA repositories in DEFAULT mode.
2024-06-04T17:59:12.436+09:00  INFO 40156 --- [main] .s.d.r.c.RepositoryConfigurationDelegate : Finished Spring Data repository scanning in 35 ms. Found 1 JPA repository interface.
2024-06-04T17:59:12.823+09:00  INFO 40156 --- [main] o.s.b.w.embedded.tomcat.TomcatWebServer  : Tomcat initialized with port 80 (http)
2024-06-04T17:59:12.830+09:00  INFO 40156 --- [main] o.apache.catalina.core.StandardService   : Starting service [Tomcat]
2024-06-04T17:59:12.831+09:00  INFO 40156 --- [main] o.apache.catalina.core.StandardEngine    : Starting Servlet engine: [Apache Tomcat/10.1.24]
2024-06-04T17:59:12.947+09:00  INFO 40156 --- [main] org.apache.jasper.servlet.TldScanner     : At least one JAR was scanned for TLDs yet contained no TLDs. Enable debug logging for this logger for a complete list of JARs that were scanned but no TLDs were found in them. Skipping unneeded JARs during scanning can improve startup time and JSP compilation time.
2024-06-04T17:59:12.950+09:00  INFO 40156 --- [main] o.a.c.c.C.[Tomcat].[localhost].[/]       : Initializing Spring embedded WebApplicationContext
2024-06-04T17:59:12.951+09:00  INFO 40156 --- [main] w.s.c.ServletWebServerApplicationContext : Root WebApplicationContext: initialization completed in 954 ms
2024-06-04T17:59:13.069+09:00  INFO 40156 --- [main] o.hibernate.jpa.internal.util.LogHelper  : HHH000204: Processing PersistenceUnitInfo [name: default]
2024-06-04T17:59:13.107+09:00  INFO 40156 --- [main] org.hibernate.Version                    : HHH000412: Hibernate ORM core version 6.5.2.Final
2024-06-04T17:59:13.132+09:00  INFO 40156 --- [main] o.h.c.internal.RegionFactoryInitiator    : HHH000026: Second-level cache disabled
2024-06-04T17:59:13.346+09:00  INFO 40156 --- [main] o.s.o.j.p.SpringPersistenceUnitInfo      : No LoadTimeWeaver setup: ignoring JPA class transformer
2024-06-04T17:59:13.365+09:00  INFO 40156 --- [main] com.zaxxer.hikari.HikariDataSource       : HikariPool-1 - Starting...
2024-06-04T17:59:13.614+09:00  INFO 40156 --- [main] com.zaxxer.hikari.pool.HikariPool        : HikariPool-1 - Added connection com.mysql.cj.jdbc.ConnectionImpl@51df2a41
2024-06-04T17:59:13.617+09:00  INFO 40156 --- [main] com.zaxxer.hikari.HikariDataSource       : HikariPool-1 - Start completed.
2024-06-04T17:59:14.281+09:00  INFO 40156 --- [main] o.h.e.t.j.p.i.JtaPlatformInitiator       : HHH000489: No JTA platform available (set 'hibernate.transaction.jta.platform' to enable JTA platform integration)
2024-06-04T17:59:14.332+09:00  INFO 40156 --- [main] j.LocalContainerEntityManagerFactoryBean : Initialized JPA EntityManagerFactory for persistence unit 'default'
2024-06-04T17:59:14.509+09:00  INFO 40156 --- [main] o.s.d.j.r.query.QueryEnhancerFactory     : Hibernate is in classpath; If applicable, HQL parser will be used.
2024-06-04T17:59:14.571+09:00  INFO 40156 --- [main] r$InitializeUserDetailsManagerConfigurer : Global AuthenticationManager configured with UserDetailsService bean with name principalDetailService
2024-06-04T17:59:14.628+09:00  INFO 40156 --- [main] o.s.b.a.w.s.WelcomePageHandlerMapping    : Adding welcome page template: index
2024-06-04T17:59:14.784+09:00  INFO 40156 --- [main] o.s.s.web.DefaultSecurityFilterChain     : Will secure any request with [org.springframework.security.web.session.DisableEncodeUrlFilter@5e38329d, org.springframework.security.web.context.request.async.WebAsyncManagerIntegrationFilter@60be9fdf, org.springframework.security.web.context.SecurityContextHolderFilter@5b908c6d, org.springframework.security.web.header.HeaderWriterFilter@6a0a0f12, org.springframework.security.web.authentication.logout.LogoutFilter@7915111a, org.springframework.security.web.authentication.UsernamePasswordAuthenticationFilter@4400026, org.springframework.security.web.session.ConcurrentSessionFilter@1235732d, org.springframework.security.web.savedrequest.RequestCacheAwareFilter@12921ee1, org.springframework.security.web.servletapi.SecurityContextHolderAwareRequestFilter@29390110, org.springframework.security.web.authentication.AnonymousAuthenticationFilter@7d816d32, org.springframework.security.web.session.SessionManagementFilter@75c095a5, org.springframework.security.web.access.ExceptionTranslationFilter@2eea0775, org.springframework.security.web.access.intercept.FilterSecurityInterceptor@189fb01b]
2024-06-04T17:59:14.881+09:00  WARN 40156 --- [main] o.s.b.a.m.MustacheAutoConfiguration      : Cannot find template location: classpath:/templates/ (please add some templates, check your Mustache configuration, or set spring.mustache.check-template-location=false)
2024-06-04T17:59:14.985+09:00  INFO 40156 --- [main] o.s.b.w.embedded.tomcat.TomcatWebServer  : Tomcat started on port 80 (http) with context path '/'
2024-06-04T17:59:14.992+09:00  INFO 40156 --- [main] com.security.SecurityApplication         : Started SecurityApplication in 3.361 seconds (process running for 3.889)
2024-06-04T17:59:16.057+09:00  INFO 40156 --- [http-nio-80-exec-1] o.a.c.c.C.[Tomcat].[localhost].[/]       : Initializing Spring DispatcherServlet 'dispatcherServlet'
2024-06-04T17:59:16.057+09:00  INFO 40156 --- [http-nio-80-exec-1] o.s.web.servlet.DispatcherServlet        : Initializing Servlet 'dispatcherServlet'
2024-06-04T17:59:16.058+09:00  INFO 40156 --- [http-nio-80-exec-1] o.s.web.servlet.DispatcherServlet        : Completed initialization in 1 ms
2024-06-04T18:00:04.072+09:00  INFO 40156 --- [RMI TCP Connection(4)-127.0.0.1] inMXBeanRegistrar$SpringApplicationAdmin : Application shutdown requested.
2024-06-04T18:00:04.086+09:00  INFO 40156 --- [RMI TCP Connection(4)-127.0.0.1] j.LocalContainerEntityManagerFactoryBean : Closing JPA EntityManagerFactory for persistence unit 'default'
2024-06-04T18:00:04.088+09:00  INFO 40156 --- [RMI TCP Connection(4)-127.0.0.1] com.zaxxer.hikari.HikariDataSource       : HikariPool-1 - Shutdown initiated...
2024-06-04T18:00:04.093+09:00  INFO 40156 --- [RMI TCP Connection(4)-127.0.0.1] com.zaxxer.hikari.HikariDataSource       : HikariPool-1 - Shutdown completed.
2024-06-04T18:00:05.892+09:00  INFO 16624 --- [main] com.security.SecurityApplication         : Starting SecurityApplication using Java 17.0.10 with PID 16624 (C:\Users\freef\Workspace\mel\security\target\classes started by freef in C:\Users\freef\Workspace\mel\security)
2024-06-04T18:00:05.894+09:00  INFO 16624 --- [main] com.security.SecurityApplication         : No active profile set, falling back to 1 default profile: "default"
2024-06-04T18:00:06.341+09:00  INFO 16624 --- [main] .s.d.r.c.RepositoryConfigurationDelegate : Bootstrapping Spring Data JPA repositories in DEFAULT mode.
2024-06-04T18:00:06.382+09:00  INFO 16624 --- [main] .s.d.r.c.RepositoryConfigurationDelegate : Finished Spring Data repository scanning in 36 ms. Found 1 JPA repository interface.
2024-06-04T18:00:06.794+09:00  INFO 16624 --- [main] o.s.b.w.embedded.tomcat.TomcatWebServer  : Tomcat initialized with port 80 (http)
2024-06-04T18:00:06.804+09:00  INFO 16624 --- [main] o.apache.catalina.core.StandardService   : Starting service [Tomcat]
2024-06-04T18:00:06.804+09:00  INFO 16624 --- [main] o.apache.catalina.core.StandardEngine    : Starting Servlet engine: [Apache Tomcat/10.1.24]
2024-06-04T18:00:06.936+09:00  INFO 16624 --- [main] org.apache.jasper.servlet.TldScanner     : At least one JAR was scanned for TLDs yet contained no TLDs. Enable debug logging for this logger for a complete list of JARs that were scanned but no TLDs were found in them. Skipping unneeded JARs during scanning can improve startup time and JSP compilation time.
2024-06-04T18:00:06.940+09:00  INFO 16624 --- [main] o.a.c.c.C.[Tomcat].[localhost].[/]       : Initializing Spring embedded WebApplicationContext
2024-06-04T18:00:06.940+09:00  INFO 16624 --- [main] w.s.c.ServletWebServerApplicationContext : Root WebApplicationContext: initialization completed in 1017 ms
2024-06-04T18:00:07.082+09:00  INFO 16624 --- [main] o.hibernate.jpa.internal.util.LogHelper  : HHH000204: Processing PersistenceUnitInfo [name: default]
2024-06-04T18:00:07.121+09:00  INFO 16624 --- [main] org.hibernate.Version                    : HHH000412: Hibernate ORM core version 6.5.2.Final
2024-06-04T18:00:07.146+09:00  INFO 16624 --- [main] o.h.c.internal.RegionFactoryInitiator    : HHH000026: Second-level cache disabled
2024-06-04T18:00:07.382+09:00  INFO 16624 --- [main] o.s.o.j.p.SpringPersistenceUnitInfo      : No LoadTimeWeaver setup: ignoring JPA class transformer
2024-06-04T18:00:07.405+09:00  INFO 16624 --- [main] com.zaxxer.hikari.HikariDataSource       : HikariPool-1 - Starting...
2024-06-04T18:00:07.688+09:00  INFO 16624 --- [main] com.zaxxer.hikari.pool.HikariPool        : HikariPool-1 - Added connection com.mysql.cj.jdbc.ConnectionImpl@1dc9f5ad
2024-06-04T18:00:07.690+09:00  INFO 16624 --- [main] com.zaxxer.hikari.HikariDataSource       : HikariPool-1 - Start completed.
2024-06-04T18:00:08.380+09:00  INFO 16624 --- [main] o.h.e.t.j.p.i.JtaPlatformInitiator       : HHH000489: No JTA platform available (set 'hibernate.transaction.jta.platform' to enable JTA platform integration)
2024-06-04T18:00:08.433+09:00  INFO 16624 --- [main] j.LocalContainerEntityManagerFactoryBean : Initialized JPA EntityManagerFactory for persistence unit 'default'
2024-06-04T18:00:08.607+09:00  INFO 16624 --- [main] o.s.d.j.r.query.QueryEnhancerFactory     : Hibernate is in classpath; If applicable, HQL parser will be used.
2024-06-04T18:00:08.673+09:00  INFO 16624 --- [main] r$InitializeUserDetailsManagerConfigurer : Global AuthenticationManager configured with UserDetailsService bean with name principalDetailService
2024-06-04T18:00:08.730+09:00  INFO 16624 --- [main] o.s.b.a.w.s.WelcomePageHandlerMapping    : Adding welcome page template: index
2024-06-04T18:00:08.905+09:00  INFO 16624 --- [main] o.s.s.web.DefaultSecurityFilterChain     : Will secure any request with [org.springframework.security.web.session.DisableEncodeUrlFilter@7a4199e5, org.springframework.security.web.context.request.async.WebAsyncManagerIntegrationFilter@6fe55fcf, org.springframework.security.web.context.SecurityContextHolderFilter@1300112e, org.springframework.security.web.header.HeaderWriterFilter@6e2e11ee, org.springframework.security.web.authentication.logout.LogoutFilter@4eee730c, org.springframework.security.web.authentication.UsernamePasswordAuthenticationFilter@333e01c6, org.springframework.security.web.session.ConcurrentSessionFilter@77350382, org.springframework.security.web.savedrequest.RequestCacheAwareFilter@444fbd13, org.springframework.security.web.servletapi.SecurityContextHolderAwareRequestFilter@2b3ee95e, org.springframework.security.web.authentication.AnonymousAuthenticationFilter@4d1f6e1c, org.springframework.security.web.session.SessionManagementFilter@5b908c6d, org.springframework.security.web.access.ExceptionTranslationFilter@a6924ad, org.springframework.security.web.access.intercept.FilterSecurityInterceptor@322399e6]
2024-06-04T18:00:09.016+09:00  WARN 16624 --- [main] o.s.b.a.m.MustacheAutoConfiguration      : Cannot find template location: classpath:/templates/ (please add some templates, check your Mustache configuration, or set spring.mustache.check-template-location=false)
2024-06-04T18:00:09.125+09:00  INFO 16624 --- [main] o.s.b.w.embedded.tomcat.TomcatWebServer  : Tomcat started on port 80 (http) with context path '/'
2024-06-04T18:00:09.132+09:00  INFO 16624 --- [main] com.security.SecurityApplication         : Started SecurityApplication in 3.563 seconds (process running for 4.118)
2024-06-04T18:00:09.187+09:00  INFO 16624 --- [http-nio-80-exec-1] o.a.c.c.C.[Tomcat].[localhost].[/]       : Initializing Spring DispatcherServlet 'dispatcherServlet'
2024-06-04T18:00:09.187+09:00  INFO 16624 --- [http-nio-80-exec-1] o.s.web.servlet.DispatcherServlet        : Initializing Servlet 'dispatcherServlet'
2024-06-04T18:00:09.188+09:00  INFO 16624 --- [http-nio-80-exec-1] o.s.web.servlet.DispatcherServlet        : Completed initialization in 1 ms
2024-06-04T18:01:16.787+09:00  INFO 16624 --- [RMI TCP Connection(4)-127.0.0.1] inMXBeanRegistrar$SpringApplicationAdmin : Application shutdown requested.
2024-06-04T18:01:16.800+09:00  INFO 16624 --- [RMI TCP Connection(4)-127.0.0.1] j.LocalContainerEntityManagerFactoryBean : Closing JPA EntityManagerFactory for persistence unit 'default'
2024-06-04T18:01:16.802+09:00  INFO 16624 --- [RMI TCP Connection(4)-127.0.0.1] com.zaxxer.hikari.HikariDataSource       : HikariPool-1 - Shutdown initiated...
2024-06-04T18:01:16.808+09:00  INFO 16624 --- [RMI TCP Connection(4)-127.0.0.1] com.zaxxer.hikari.HikariDataSource       : HikariPool-1 - Shutdown completed.
